<?xml version="1.0" encoding="UTF-8"?>
<!-- Generated by org.testng.reporters.JUnitReportReporter -->
<testsuite hostname="LAPTOP-DENRBFPO" failures="0" tests="3" name="com.altius.crm.OrgTest.CreateOrganizationPomTest" time="56.710" errors="0" timestamp="2024-06-01T12:06:19 IST" skipped="0">
  <testcase classname="com.altius.crm.OrgTest.CreateOrganizationPomTest" name="createOrgWithPhoneTest" time="19.293"/>
  <system-out/>
  <testcase classname="com.altius.crm.OrgTest.CreateOrganizationPomTest" name="CreateOrgWithTypeTest" time="19.537"/>
  <system-out/>
  <testcase classname="com.altius.crm.OrgTest.CreateOrganizationPomTest" name="createOrgTest" time="17.880"/>
  <system-out/>
</testsuite> <!-- com.altius.crm.OrgTest.CreateOrganizationPomTest -->
