<?xml version="1.0" encoding="UTF-8"?>
<!-- Generated by org.testng.reporters.JUnitReportReporter -->
<testsuite hostname="LAPTOP-DENRBFPO" failures="0" tests="1" name="testNGPractice.ReporterTest" time="0.018" errors="0" timestamp="2024-05-30T12:24:17 IST" skipped="0">
  <testcase classname="testNGPractice.ReporterTest" name="repoterFeature" time="0.018"/>
  <system-out>
    <![CDATA[Log1
Log2]]>
  </system-out>
</testsuite> <!-- testNGPractice.ReporterTest -->
