<?xml version="1.0" encoding="UTF-8"?>
<!-- Generated by org.testng.reporters.JUnitReportReporter -->
<testsuite hostname="LAPTOP-DENRBFPO" failures="0" tests="1" name="com.altius.crm.OrgTest.DeleteOrganizationPomTest" time="36.107" errors="0" timestamp="2024-05-31T10:49:04 IST" skipped="0">
  <testcase classname="com.altius.crm.OrgTest.DeleteOrganizationPomTest" name="deleteOrg" time="36.107"/>
  <system-out/>
</testsuite> <!-- com.altius.crm.OrgTest.DeleteOrganizationPomTest -->
