<?xml version="1.0" encoding="UTF-8"?>
<!-- Generated by org.testng.reporters.JUnitReportReporter -->
<testsuite hostname="LAPTOP-DENRBFPO" failures="0" tests="4" name="com.altius.crm.pom.AmazonDPTest" time="43.420" errors="0" timestamp="2024-06-01T14:13:29 IST" skipped="0">
  <testcase classname="com.altius.crm.pom.AmazonDPTest" name="amazonDP" time="8.784"/>
  <system-out/>
  <testcase classname="com.altius.crm.pom.AmazonDPTest" name="amazonDP" time="10.487"/>
  <system-out/>
  <testcase classname="com.altius.crm.pom.AmazonDPTest" name="amazonDP" time="13.390"/>
  <system-out/>
  <testcase classname="com.altius.crm.pom.AmazonDPTest" name="amazonDP" time="10.759"/>
  <system-out/>
</testsuite> <!-- com.altius.crm.pom.AmazonDPTest -->
