<?xml version="1.0" encoding="UTF-8"?>
<!-- Generated by org.testng.reporters.JUnitReportReporter -->
<testsuite hostname="LAPTOP-DENRBFPO" failures="0" tests="1" name="com.altius.crm.ContactTest.CreateContactPOMTest" time="55.982" errors="0" timestamp="2024-06-05T12:31:01 IST" skipped="0">
  <testcase classname="com.altius.crm.ContactTest.CreateContactPOMTest" name="createContactWithOrgTest" time="55.982"/>
  <system-out/>
</testsuite> <!-- com.altius.crm.ContactTest.CreateContactPOMTest -->
