<?xml version="1.0" encoding="UTF-8"?>
<!-- Generated by org.testng.reporters.JUnitReportReporter -->
<testsuite hostname="LAPTOP-DENRBFPO" failures="0" tests="1" name="com.altius.crm.pom.PomLoginImplement" time="8.217" errors="0" timestamp="2024-05-28T12:42:01 IST" skipped="0">
  <testcase classname="com.altius.crm.pom.PomLoginImplement" name="login" time="8.217"/>
  <system-out/>
</testsuite> <!-- com.altius.crm.pom.PomLoginImplement -->
