<?xml version="1.0" encoding="UTF-8"?>
<!-- Generated by org.testng.reporters.JUnitReportReporter -->
<testsuite hostname="LAPTOP-DENRBFPO" failures="0" tests="3" name="testNGPractice.DataProviderTest" time="0.025" errors="0" timestamp="2024-05-29T09:40:05 IST" skipped="0">
  <testcase classname="testNGPractice.DataProviderTest" name="createContactDP" time="0.022"/>
  <system-out/>
  <testcase classname="testNGPractice.DataProviderTest" name="createContactDP" time="0.002"/>
  <system-out/>
  <testcase classname="testNGPractice.DataProviderTest" name="createContactDP" time="0.001"/>
  <system-out/>
</testsuite> <!-- testNGPractice.DataProviderTest -->
