<?xml version="1.0" encoding="UTF-8"?>
<!-- Generated by org.testng.reporters.JUnitReportReporter -->
<testsuite hostname="LAPTOP-DENRBFPO" failures="0" tests="1" name="testNGPractice.Screenshot" time="6.630" errors="0" timestamp="2024-05-31T09:38:29 IST" skipped="0">
  <testcase classname="testNGPractice.Screenshot" name="takeScreenshotMethod" time="6.630"/>
  <system-out/>
</testsuite> <!-- testNGPractice.Screenshot -->
