<?xml version="1.0" encoding="UTF-8"?>
<!-- Generated by org.testng.reporters.JUnitReportReporter -->
<testsuite hostname="LAPTOP-DENRBFPO" failures="0" tests="1" name="testNGPractice.ListenerTest" time="14.750" errors="0" timestamp="2024-05-31T10:59:23 IST" skipped="0">
  <testcase classname="testNGPractice.ListenerTest" name="testMethodWithListenerImp2" time="14.750"/>
  <system-out/>
</testsuite> <!-- testNGPractice.ListenerTest -->
