<?xml version="1.0" encoding="UTF-8"?>
<!-- Generated by org.testng.reporters.JUnitReportReporter -->
<testsuite hostname="LAPTOP-DENRBFPO" failures="0" tests="1" name="com.altius.crm.ContactTest.CreateContactTest" time="17.648" errors="0" timestamp="2024-05-29T14:52:12 IST" skipped="0">
  <testcase classname="com.altius.crm.ContactTest.CreateContactTest" name="createContactTest" time="17.648"/>
  <system-out/>
</testsuite> <!-- com.altius.crm.ContactTest.CreateContactTest -->
