<?xml version="1.0" encoding="UTF-8"?>
<!-- Generated by org.testng.reporters.JUnitReportReporter -->
<testsuite hostname="LAPTOP-DENRBFPO" failures="0" tests="1" name="com.altius.crm.ContactTest.CreateContactPOMTest" time="26.325" errors="0" timestamp="2024-06-07T12:41:45 IST" skipped="0">
  <testcase classname="com.altius.crm.ContactTest.CreateContactPOMTest" name="createContactWithOrgTest" time="26.325"/>
  <system-out/>
</testsuite> <!-- com.altius.crm.ContactTest.CreateContactPOMTest -->
