<?xml version="1.0" encoding="UTF-8"?>
<!-- Generated by org.testng.reporters.JUnitReportReporter -->
<testsuite hostname="LAPTOP-DENRBFPO" failures="0" tests="1" name="extentReports.ExtentReportTest" time="8.307" errors="0" timestamp="2024-06-01T10:55:53 IST" skipped="0">
  <testcase classname="extentReports.ExtentReportTest" name="createExtentReportTest" time="8.307"/>
  <system-out/>
</testsuite> <!-- extentReports.ExtentReportTest -->
